*PADS-PCB*
*PART*
B      
BT1    BAT1220
C1     C0603
C2     C0603
C3     C0603
C4     C0603
D1     LL-34
L1     0805
N1     IN14
N2     IN14
N3     IN14
N4     IN14
N5     IN14
N6     IN14
P1     HDR2X20
P2     HDR1X6
Q1     TO-220AB
R1     R0603
R2     R0603
R3     R0603
R4     R0603
R5     R0603
R6     R0603
R7     R0603
R8     R0603
R9     R0603
R10    R0603
R11    R0603
R12    R0603
R13    R0603
R14    R0603
R15    R0603
R16    R0603
R17    R0603
R18    R0603
R19    R0603
R20    R0603
R21    R0603
R22    R0603
S1     
U1     HV57708PG
U2     SOP16_75MM
U3     
U4     
U5     
USB1   USB-TYPE-C-SMD6
*END*
